2026-07-02 21:09:24,494 - utils - INFO - ============================================================
2026-07-02 21:09:24,494 - utils - INFO - STARTING CAT BAKERY ETL PIPELINE
2026-07-02 21:09:24,494 - utils - INFO - ============================================================
2026-07-02 21:09:24,495 - utils - INFO - STEP 1: Extracting raw data...
2026-07-02 21:09:24,495 - utils - INFO - Extracting data from data/raw/customers.csv
2026-07-02 21:09:24,547 - utils - INFO - Extracted 60000 rows from customers.csv
2026-07-02 21:09:24,548 - utils - INFO - Extracting data from data/raw/orders.csv
2026-07-02 21:09:24,645 - utils - INFO - Extracted 110000 rows from orders.csv
2026-07-02 21:09:24,645 - utils - INFO - Extracting data from data/raw/products.csv
2026-07-02 21:09:24,649 - utils - INFO - Extracted 200 rows from products.csv
2026-07-02 21:09:24,649 - utils - INFO - Extracted: 60000 customers, 110000 orders, 200 products
2026-07-02 21:09:24,650 - utils - INFO - STEP 2: Transforming data...
2026-07-02 21:09:24,650 - utils - INFO - Starting full transformation pipeline
2026-07-02 21:09:24,651 - utils - INFO - Starting customers transformation
2026-07-02 21:09:24,808 - utils - INFO - Standardizing signup dates
2026-07-02 21:09:35,051 - utils - INFO - Customers transformed: 60000 rows
2026-07-02 21:09:35,051 - utils - INFO - Starting products transformation
2026-07-02 21:09:35,058 - utils - INFO - Products transformed: 200 rows
2026-07-02 21:09:35,058 - utils - INFO - Starting orders transformation
2026-07-02 21:09:35,086 - utils - INFO - Standardizing order dates...
2026-07-02 21:09:54,229 - utils - INFO - Orders transformed: 109981 rows
2026-07-02 21:09:54,421 - utils - INFO - Saved customers to data/processed/customers_processed.csv
2026-07-02 21:09:54,883 - utils - INFO - Saved orders to data/processed/orders_processed.csv
2026-07-02 21:09:54,886 - utils - INFO - Saved products to data/processed/products_processed.csv
2026-07-02 21:09:54,886 - utils - INFO - Transformation complete
2026-07-02 21:09:54,887 - utils - INFO - STEP 3: Loading data to database...
2026-07-02 21:09:54,887 - utils - INFO - Starting full load process
2026-07-02 21:09:54,936 - utils - INFO - Creating star schema tables
