2026-07-02 20:32:31,117 - utils - INFO - ============================================================
2026-07-02 20:32:31,118 - utils - INFO - STARTING CAT BAKERY ETL PIPELINE
2026-07-02 20:32:31,118 - utils - INFO - ============================================================
2026-07-02 20:32:31,118 - utils - INFO - STEP 1: Extracting raw data...
2026-07-02 20:32:31,119 - utils - INFO - Extracting data from data/raw/customers.csv
2026-07-02 20:32:31,184 - utils - INFO - Extracted 60000 rows from customers.csv
2026-07-02 20:32:31,185 - utils - INFO - Extracting data from data/raw/orders.csv
2026-07-02 20:32:31,283 - utils - INFO - Extracted 110000 rows from orders.csv
2026-07-02 20:32:31,283 - utils - INFO - Extracting data from data/raw/products.csv
2026-07-02 20:32:31,285 - utils - INFO - Extracted 200 rows from products.csv
2026-07-02 20:32:31,286 - utils - INFO - Extracted: 60000 customers, 110000 orders, 200 products
2026-07-02 20:32:31,286 - utils - INFO - STEP 2: Transforming data...
2026-07-02 20:32:31,286 - utils - INFO - Starting full transformation pipeline
2026-07-02 20:32:31,286 - utils - INFO - Starting customers transformation
2026-07-02 20:32:31,586 - utils - INFO - Standardizing signup dates
2026-07-02 20:32:45,253 - utils - INFO - Customers transformed: 60000 rows
2026-07-02 20:32:45,254 - utils - INFO - Starting products transformation
2026-07-02 20:32:45,263 - utils - INFO - Products transformed: 200 rows
2026-07-02 20:32:45,263 - utils - INFO - Starting orders transformation
2026-07-02 20:32:45,318 - utils - INFO - Standardizing order dates...
2026-07-02 20:33:11,625 - utils - INFO - Orders transformed: 109981 rows
2026-07-02 20:33:11,843 - utils - INFO - Saved customers to data/processed/customers_processed.csv
2026-07-02 20:33:12,576 - utils - INFO - Saved orders to data/processed/orders_processed.csv
2026-07-02 20:33:12,579 - utils - INFO - Saved products to data/processed/products_processed.csv
2026-07-02 20:33:12,579 - utils - INFO - Transformation complete
2026-07-02 20:33:12,579 - utils - INFO - STEP 3: Loading data to database...
2026-07-02 20:33:12,579 - utils - INFO - Starting full load process
2026-07-02 20:33:12,648 - utils - INFO - Creating star schema tables
