2026-07-02 20:20:51,986 - utils - INFO - ============================================================
2026-07-02 20:20:51,986 - utils - INFO - STARTING CAT BAKERY ETL PIPELINE
2026-07-02 20:20:51,986 - utils - INFO - ============================================================
2026-07-02 20:20:51,987 - utils - INFO - STEP 1: Extracting raw data...
2026-07-02 20:20:51,987 - utils - INFO - Extracting data from data/raw/customers.csv
2026-07-02 20:20:52,041 - utils - INFO - Extracted 60000 rows from customers.csv
2026-07-02 20:20:52,041 - utils - INFO - Extracting data from data/raw/orders.csv
2026-07-02 20:20:52,155 - utils - INFO - Extracted 110000 rows from orders.csv
2026-07-02 20:20:52,155 - utils - INFO - Extracting data from data/raw/products.csv
2026-07-02 20:20:52,157 - utils - INFO - Extracted 200 rows from products.csv
2026-07-02 20:20:52,157 - utils - INFO - Extracted: 60000 customers, 110000 orders, 200 products
2026-07-02 20:20:52,157 - utils - INFO - STEP 2: Transforming data...
2026-07-02 20:20:52,158 - utils - INFO - Starting full transformation pipeline
2026-07-02 20:20:52,158 - utils - INFO - Starting customers transformation
2026-07-02 20:20:52,312 - utils - INFO - Standardizing signup dates
2026-07-02 20:21:04,446 - utils - INFO - Customers transformed: 60000 rows
2026-07-02 20:21:04,446 - utils - INFO - Starting orders transformation
2026-07-02 20:21:04,561 - utils - INFO - Standardizing order dates
2026-07-02 20:21:04,566 - utils - INFO - Orders transformed: 0 rows
2026-07-02 20:21:04,566 - utils - INFO - Starting products transformation
2026-07-02 20:21:04,578 - utils - INFO - Products transformed: 200 rows
2026-07-02 20:21:04,830 - utils - INFO - Saved customers to data/processed/customers_processed.csv
2026-07-02 20:21:04,832 - utils - INFO - Saved orders to data/processed/orders_processed.csv
2026-07-02 20:21:04,845 - utils - INFO - Saved products to data/processed/products_processed.csv
2026-07-02 20:21:04,845 - utils - INFO - Transformation complete
2026-07-02 20:21:04,846 - utils - INFO - STEP 3: Loading data to database...
2026-07-02 20:21:04,846 - utils - INFO - Starting full load process
2026-07-02 20:21:05,124 - utils - INFO - Creating star schema tables
