2026-07-02 22:11:07,673 - utils - INFO - ============================================================
2026-07-02 22:11:07,674 - utils - INFO - STARTING CAT BAKERY ETL PIPELINE
2026-07-02 22:11:07,674 - utils - INFO - ============================================================
2026-07-02 22:11:07,675 - utils - INFO - STEP 1: Extracting raw data...
2026-07-02 22:11:07,676 - utils - INFO - Extracting data from data/raw/customers.csv
2026-07-02 22:11:07,747 - utils - INFO - Extracted 60000 rows from customers.csv
2026-07-02 22:11:07,747 - utils - INFO - Extracting data from data/raw/orders.csv
2026-07-02 22:11:07,903 - utils - INFO - Extracted 110000 rows from orders.csv
2026-07-02 22:11:07,903 - utils - INFO - Extracting data from data/raw/products.csv
2026-07-02 22:11:07,905 - utils - INFO - Extracted 200 rows from products.csv
2026-07-02 22:11:07,906 - utils - INFO - Extracted: 60000 customers, 110000 orders, 200 products
2026-07-02 22:11:07,906 - utils - INFO - STEP 2: Transforming data...
2026-07-02 22:11:07,906 - utils - INFO - Starting full transformation pipeline
2026-07-02 22:11:07,906 - utils - INFO - Starting customers transformation
2026-07-02 22:11:08,116 - utils - INFO - Standardizing signup dates
2026-07-02 22:11:20,641 - utils - INFO - Customers transformed: 60000 rows
2026-07-02 22:11:20,642 - utils - INFO - Starting products transformation
2026-07-02 22:11:20,650 - utils - INFO - Products transformed: 200 rows
2026-07-02 22:11:20,651 - utils - INFO - Starting orders transformation
2026-07-02 22:11:20,703 - utils - INFO - Standardizing order dates...
2026-07-02 22:11:44,303 - utils - INFO - Orders transformed: 109981 rows
2026-07-02 22:11:44,540 - utils - INFO - Saved customers to data/processed/customers_processed.csv
2026-07-02 22:11:45,155 - utils - INFO - Saved orders to data/processed/orders_processed.csv
2026-07-02 22:11:45,159 - utils - INFO - Saved products to data/processed/products_processed.csv
2026-07-02 22:11:45,159 - utils - INFO - Transformation complete
2026-07-02 22:11:45,160 - utils - INFO - STEP 3: Loading data to database...
2026-07-02 22:11:45,160 - utils - INFO - Starting full load process
2026-07-02 22:11:45,238 - utils - INFO - Creating star schema tables
