2026-07-02 22:17:56,726 - utils - INFO - ============================================================
2026-07-02 22:17:56,727 - utils - INFO - STARTING CAT BAKERY ETL PIPELINE
2026-07-02 22:17:56,727 - utils - INFO - ============================================================
2026-07-02 22:17:56,729 - utils - INFO - STEP 1: Extracting raw data...
2026-07-02 22:17:56,729 - utils - INFO - Extracting data from data/raw/customers.csv
2026-07-02 22:17:56,798 - utils - INFO - Extracted 60000 rows from customers.csv
2026-07-02 22:17:56,799 - utils - INFO - Extracting data from data/raw/orders.csv
2026-07-02 22:17:56,975 - utils - INFO - Extracted 110000 rows from orders.csv
2026-07-02 22:17:56,975 - utils - INFO - Extracting data from data/raw/products.csv
2026-07-02 22:17:56,979 - utils - INFO - Extracted 200 rows from products.csv
2026-07-02 22:17:56,980 - utils - INFO - Extracted: 60000 customers, 110000 orders, 200 products
2026-07-02 22:17:56,980 - utils - INFO - STEP 2: Transforming data...
2026-07-02 22:17:56,981 - utils - INFO - Starting full transformation pipeline
2026-07-02 22:17:56,982 - utils - INFO - Starting customers transformation
2026-07-02 22:17:57,180 - utils - INFO - Standardizing signup dates
2026-07-02 22:18:16,814 - utils - INFO - Customers transformed: 60000 rows
2026-07-02 22:18:16,815 - utils - INFO - Starting products transformation
2026-07-02 22:18:16,822 - utils - INFO - Products transformed: 200 rows
2026-07-02 22:18:16,822 - utils - INFO - Starting orders transformation
2026-07-02 22:18:16,868 - utils - INFO - Standardizing order dates...
2026-07-02 22:18:40,215 - utils - INFO - Orders transformed: 109981 rows
2026-07-02 22:18:40,449 - utils - INFO - Saved customers to data/processed/customers_processed.csv
2026-07-02 22:18:41,048 - utils - INFO - Saved orders to data/processed/orders_processed.csv
2026-07-02 22:18:41,052 - utils - INFO - Saved products to data/processed/products_processed.csv
2026-07-02 22:18:41,052 - utils - INFO - Transformation complete
2026-07-02 22:18:41,052 - utils - INFO - STEP 3: Loading data to database...
2026-07-02 22:18:41,053 - utils - INFO - Starting full load process
2026-07-02 22:18:41,128 - utils - INFO - Creating star schema tables
2026-07-02 22:18:41,615 - utils - INFO - Star schema tables created
2026-07-02 22:18:41,615 - utils - INFO - Loading date dimension
2026-07-02 22:18:42,210 - utils - INFO - Loaded 2557 dates
2026-07-02 22:18:42,211 - utils - INFO - Loading dimension tables
