2026-07-02 22:09:05,701 - utils - INFO - ============================================================
2026-07-02 22:09:05,702 - utils - INFO - STARTING CAT BAKERY ETL PIPELINE
2026-07-02 22:09:05,702 - utils - INFO - ============================================================
2026-07-02 22:09:05,704 - utils - INFO - STEP 1: Extracting raw data...
2026-07-02 22:09:05,706 - utils - INFO - Extracting data from data/raw/customers.csv
2026-07-02 22:09:05,780 - utils - INFO - Extracted 60000 rows from customers.csv
2026-07-02 22:09:05,780 - utils - INFO - Extracting data from data/raw/orders.csv
2026-07-02 22:09:05,933 - utils - INFO - Extracted 110000 rows from orders.csv
2026-07-02 22:09:05,933 - utils - INFO - Extracting data from data/raw/products.csv
2026-07-02 22:09:05,937 - utils - INFO - Extracted 200 rows from products.csv
2026-07-02 22:09:05,937 - utils - INFO - Extracted: 60000 customers, 110000 orders, 200 products
2026-07-02 22:09:05,937 - utils - INFO - STEP 2: Transforming data...
2026-07-02 22:09:05,938 - utils - INFO - Starting full transformation pipeline
2026-07-02 22:09:05,938 - utils - INFO - Starting customers transformation
2026-07-02 22:09:06,174 - utils - INFO - Standardizing signup dates
2026-07-02 22:09:18,830 - utils - INFO - Customers transformed: 60000 rows
2026-07-02 22:09:18,831 - utils - INFO - Starting products transformation
2026-07-02 22:09:18,847 - utils - INFO - Products transformed: 200 rows
2026-07-02 22:09:18,847 - utils - INFO - Starting orders transformation
2026-07-02 22:09:18,901 - utils - INFO - Standardizing order dates...
2026-07-02 22:09:41,566 - utils - INFO - Orders transformed: 109981 rows
2026-07-02 22:09:41,833 - utils - INFO - Saved customers to data/processed/customers_processed.csv
2026-07-02 22:09:42,447 - utils - INFO - Saved orders to data/processed/orders_processed.csv
2026-07-02 22:09:42,451 - utils - INFO - Saved products to data/processed/products_processed.csv
2026-07-02 22:09:42,452 - utils - INFO - Transformation complete
2026-07-02 22:09:42,452 - utils - INFO - STEP 3: Loading data to database...
2026-07-02 22:09:42,452 - utils - INFO - Starting full load process
2026-07-02 22:09:42,522 - utils - INFO - Creating star schema tables
